<?xml version="1.0" encoding="UTF-8"?>
<testng-results ignored="4" total="5" passed="0" failed="1" skipped="0">
  <reporter-output>
  </reporter-output>
  <suite started-at="2022-12-10T15:05:55 CST" name="Suite Parallel Login Test" finished-at="2022-12-10T15:06:16 CST" duration-ms="20674">
    <groups>
    </groups>
    <test started-at="2022-12-10T15:05:55 CST" name="Regression Parallel CHROME" finished-at="2022-12-10T15:06:16 CST" duration-ms="20674">
      <class name="Bai26Parallel.Testcase.TestcaseSignin">
        <test-method is-config="true" signature="setupAutomation()[pri:0, instance:Bai26Parallel.Testcase.TestcaseSignin@621f89b8]" started-at="2022-12-10T15:05:55 CST" name="setupAutomation" finished-at="2022-12-10T15:05:55 CST" duration-ms="21" status="PASS">
          <reporter-output>
          </reporter-output>
        </test-method> <!-- setupAutomation -->
        <test-method is-config="true" signature="createDriver(java.lang.String,org.testng.ITestResult)[pri:0, instance:Bai26Parallel.Testcase.TestcaseSignin@621f89b8]" started-at="2022-12-10T15:05:56 CST" name="createDriver" finished-at="2022-12-10T15:06:00 CST" duration-ms="3991" status="PASS">
          <params>
            <param index="0">
              <value>
                <![CDATA[chrome]]>
              </value>
            </param>
            <param index="1">
              <value>
                <![CDATA[[TestResult name={null} status=CREATED method=TestcaseSignin.LoginFailed1()[pri:4, instance:Bai26Parallel.Testcase.TestcaseSignin@621f89b8] output={null}]]]>
              </value>
            </param>
          </params>
          <reporter-output>
          </reporter-output>
        </test-method> <!-- createDriver -->
        <test-method is-config="true" signature="Login()[pri:0, instance:Bai26Parallel.Testcase.TestcaseSignin@621f89b8]" started-at="2022-12-10T15:06:00 CST" name="Login" finished-at="2022-12-10T15:06:00 CST" duration-ms="1" status="PASS">
          <reporter-output>
          </reporter-output>
        </test-method> <!-- Login -->
        <test-method signature="LoginFailed1()[pri:4, instance:Bai26Parallel.Testcase.TestcaseSignin@621f89b8]" started-at="2022-12-10T15:06:00 CST" name="LoginFailed1" finished-at="2022-12-10T15:06:14 CST" duration-ms="13659" status="FAIL">
          <exception class="java.lang.AssertionError">
            <message>
              <![CDATA[hic expected [-1000002
user not allowed to log in345.] but found [-1000002
user not allowed to log in.]]]>
            </message>
            <full-stacktrace>
              <![CDATA[java.lang.AssertionError: hic expected [-1000002
user not allowed to log in345.] but found [-1000002
user not allowed to log in.]
at org.testng.Assert.fail(Assert.java:99)
at org.testng.Assert.failNotEquals(Assert.java:1037)
at org.testng.Assert.assertEqualsImpl(Assert.java:140)
at org.testng.Assert.assertEquals(Assert.java:122)
at salary.com.utils.WebUI.verifyEquals(WebUI.java:68)
at Bai26Parallel.Pages.PageSignin.Loginwrongusername(PageSignin.java:46)
at Bai26Parallel.Testcase.TestcaseSignin.LoginFailed1(TestcaseSignin.java:87)
at java.base/jdk.internal.reflect.DirectMethodHandleAccessor.invoke(DirectMethodHandleAccessor.java:104)
at java.base/java.lang.reflect.Method.invoke(Method.java:577)
at org.testng.internal.MethodInvocationHelper.invokeMethod(MethodInvocationHelper.java:133)
at org.testng.internal.TestInvoker.invokeMethod(TestInvoker.java:598)
at org.testng.internal.TestInvoker.invokeTestMethod(TestInvoker.java:173)
at org.testng.internal.MethodRunner.runInSequence(MethodRunner.java:46)
at org.testng.internal.TestInvoker$MethodInvocationAgent.invoke(TestInvoker.java:824)
at org.testng.internal.TestInvoker.invokeTestMethods(TestInvoker.java:146)
at org.testng.internal.TestMethodWorker.invokeTestMethods(TestMethodWorker.java:146)
at org.testng.internal.TestMethodWorker.run(TestMethodWorker.java:128)
at java.base/java.util.concurrent.ThreadPoolExecutor.runWorker(ThreadPoolExecutor.java:1136)
at java.base/java.util.concurrent.ThreadPoolExecutor$Worker.run(ThreadPoolExecutor.java:635)
at java.base/java.lang.Thread.run(Thread.java:833)
]]>
            </full-stacktrace>
          </exception> <!-- java.lang.AssertionError -->
          <reporter-output>
          </reporter-output>
        </test-method> <!-- LoginFailed1 -->
        <test-method is-config="true" signature="closeDriver()[pri:0, instance:Bai26Parallel.Testcase.TestcaseSignin@621f89b8]" started-at="2022-12-10T15:06:15 CST" name="closeDriver" finished-at="2022-12-10T15:06:15 CST" duration-ms="498" status="PASS">
          <reporter-output>
          </reporter-output>
        </test-method> <!-- closeDriver -->
        <test-method is-config="true" signature="setupCloseAutomation()[pri:0, instance:Bai26Parallel.Testcase.TestcaseSignin@621f89b8]" started-at="2022-12-10T15:06:17 CST" name="setupCloseAutomation" finished-at="2022-12-10T15:06:17 CST" duration-ms="1" status="PASS">
          <reporter-output>
          </reporter-output>
        </test-method> <!-- setupCloseAutomation -->
      </class> <!-- Bai26Parallel.Testcase.TestcaseSignin -->
    </test> <!-- Regression Parallel CHROME -->
  </suite> <!-- Suite Parallel Login Test -->
</testng-results>
